<?xml version="1.0" encoding="UTF-8"?>
<testsuite name="de.thro.vv.studienarbeit.MainTest" tests="1" skipped="0" failures="0" errors="0" timestamp="2021-05-04T18:02:34" hostname="DESKTOP-20L75DO" time="0.042">
  <properties/>
  <testcase name="mainTests()" classname="de.thro.vv.studienarbeit.MainTest" time="0.042"/>
  <system-out><![CDATA[]]></system-out>
  <system-err><![CDATA[]]></system-err>
</testsuite>
